src/components/Assertions.ts(129,17): error TS2345: Argument of type '{ code: "too_small"; message: string; inclusive: true; minimum: number; type: string; path: string[]; }' is not assignable to parameter of type 'string | { [x: string]: unknown; readonly format: $ZodStringFormats | (string & {}); readonly pattern?: string | undefined; readonly input?: string | undefined; readonly code: "invalid_format"; readonly message?: string | undefined; readonly path?: PropertyKey[] | undefined; readonly inst?: $ZodType<...> | ... 1 mor...'.
  Property 'origin' is missing in type '{ code: "too_small"; message: string; inclusive: true; minimum: number; type: string; path: string[]; }' but required in type '{ [x: string]: unknown; readonly inclusive?: boolean | undefined; readonly minimum: number | bigint; readonly input?: unknown; readonly code: "too_small"; readonly origin: "string" | "number" | "bigint" | "int" | ... 4 more ... | (string & {}); ... 4 more ...; readonly continue?: boolean | undefined; }'.
src/components/Assertions.ts(147,17): error TS2345: Argument of type '{ code: "too_big"; message: string; inclusive: true; maximum: number; type: string; path: string[]; }' is not assignable to parameter of type 'string | { [x: string]: unknown; readonly format: $ZodStringFormats | (string & {}); readonly pattern?: string | undefined; readonly input?: string | undefined; readonly code: "invalid_format"; readonly message?: string | undefined; readonly path?: PropertyKey[] | undefined; readonly inst?: $ZodType<...> | ... 1 mor...'.
  Property 'origin' is missing in type '{ code: "too_big"; message: string; inclusive: true; maximum: number; type: string; path: string[]; }' but required in type '{ [x: string]: unknown; readonly inclusive?: boolean | undefined; readonly maximum: number | bigint; readonly input?: unknown; readonly code: "too_big"; readonly origin: "string" | "number" | "bigint" | "int" | ... 4 more ... | (string & {}); ... 4 more ...; readonly continue?: boolean | undefined; }'.
